10:53:33.315 karate.env system property was:  
10:53:38.851 request:
1 > POST https://jsonplaceholder.typicode.com/users
1 > Accept-Encoding: gzip,deflate
1 > Connection: Keep-Alive
1 > Content-Length: 175
1 > Content-Type: application/json; charset=UTF-8
1 > Host: jsonplaceholder.typicode.com
1 > User-Agent: Apache-HttpClient/4.5.12 (Java/1.8.0_121)
{"name":"Test User from Json file","username":"testuser","email":"test@user.com","address":{"street":"Has No Name","suite":"Apt. 123","city":"Electri","zipcode":"54321-6789"}}

10:53:39.171 javax.net.ssl.SSLHandshakeException: sun.security.validator.ValidatorException: PKIX path building failed: sun.security.provider.certpath.SunCertPathBuilderException: unable to find valid certification path to requested target, http call failed after 320 milliseconds for URL: https://jsonplaceholder.typicode.com/users
10:53:39.172 http request failed: 
javax.net.ssl.SSLHandshakeException: sun.security.validator.ValidatorException: PKIX path building failed: sun.security.provider.certpath.SunCertPathBuilderException: unable to find valid certification path to requested target
10:53:39.185 karate.env system property was:  
10:53:39.188 request:
1 > PUT https://jsonplaceholder.typicode.com/posts/1
1 > Accept-Encoding: gzip,deflate
1 > Connection: Keep-Alive
1 > Content-Length: 275
1 > Content-Type: application/json; charset=UTF-8
1 > Host: jsonplaceholder.typicode.com
1 > User-Agent: Apache-HttpClient/4.5.12 (Java/1.8.0_121)
{"userId":1,"id":1,"title":"sunt aut facere repellat provident occaecati excepturi optio reprehenderit","body":"quia et suscipit\nsuscipit recusandae consequuntur expedita et cum\nreprehenderit molestiae ut ut quas totam\nnostrum rerum est autem sunt rem eveniet architecto"}

10:53:39.282 javax.net.ssl.SSLHandshakeException: sun.security.validator.ValidatorException: PKIX path building failed: sun.security.provider.certpath.SunCertPathBuilderException: unable to find valid certification path to requested target, http call failed after 94 milliseconds for URL: https://jsonplaceholder.typicode.com/posts/1
10:53:39.282 http request failed: 
javax.net.ssl.SSLHandshakeException: sun.security.validator.ValidatorException: PKIX path building failed: sun.security.provider.certpath.SunCertPathBuilderException: unable to find valid certification path to requested target
